{"/Users/stijnus/Github/UIFlash-Studio/src/utils/storage.ts": {"path":"/Users/stijnus/Github/UIFlash-Studio/src/utils/storage.ts","statementMap":{"0":{"start":{"line":3,"column":20},"end":{"line":3,"column":null}},"1":{"start":{"line":5,"column":28},"end":{"line":11,"column":null}},"2":{"start":{"line":6,"column":4},"end":{"line":10,"column":null}},"3":{"start":{"line":7,"column":8},"end":{"line":7,"column":null}},"4":{"start":{"line":9,"column":8},"end":{"line":9,"column":null}},"5":{"start":{"line":13,"column":28},"end":{"line":22,"column":null}},"6":{"start":{"line":14,"column":4},"end":{"line":21,"column":null}},"7":{"start":{"line":15,"column":23},"end":{"line":15,"column":null}},"8":{"start":{"line":16,"column":8},"end":{"line":16,"column":null}},"9":{"start":{"line":16,"column":21},"end":{"line":16,"column":null}},"10":{"start":{"line":17,"column":8},"end":{"line":17,"column":null}},"11":{"start":{"line":19,"column":8},"end":{"line":19,"column":null}},"12":{"start":{"line":20,"column":8},"end":{"line":20,"column":null}},"13":{"start":{"line":24,"column":29},"end":{"line":26,"column":null}},"14":{"start":{"line":25,"column":4},"end":{"line":25,"column":null}}},"fnMap":{"0":{"name":"(anonymous_0)","decl":{"start":{"line":5,"column":28},"end":{"line":5,"column":29}},"loc":{"start":{"line":5,"column":59},"end":{"line":11,"column":null}},"line":5},"1":{"name":"(anonymous_1)","decl":{"start":{"line":13,"column":28},"end":{"line":13,"column":45}},"loc":{"start":{"line":13,"column":45},"end":{"line":22,"column":null}},"line":13},"2":{"name":"(anonymous_2)","decl":{"start":{"line":24,"column":29},"end":{"line":24,"column":41}},"loc":{"start":{"line":24,"column":41},"end":{"line":26,"column":null}},"line":24}},"branchMap":{"0":{"loc":{"start":{"line":16,"column":8},"end":{"line":16,"column":null}},"type":"if","locations":[{"start":{"line":16,"column":8},"end":{"line":16,"column":null}},{"start":{},"end":{}}],"line":16}},"s":{"0":1,"1":1,"2":3,"3":3,"4":1,"5":1,"6":4,"7":4,"8":4,"9":2,"10":2,"11":1,"12":1,"13":1,"14":1},"f":{"0":3,"1":4,"2":1},"b":{"0":[2,2]},"meta":{"lastBranch":1,"lastFunction":3,"lastStatement":15,"seen":{"s:3:20:3:Infinity":0,"s:5:28:11:Infinity":1,"f:5:28:5:29":0,"s:6:4:10:Infinity":2,"s:7:8:7:Infinity":3,"s:9:8:9:Infinity":4,"s:13:28:22:Infinity":5,"f:13:28:13:45":1,"s:14:4:21:Infinity":6,"s:15:23:15:Infinity":7,"b:16:8:16:Infinity:undefined:undefined:undefined:undefined":0,"s:16:8:16:Infinity":8,"s:16:21:16:Infinity":9,"s:17:8:17:Infinity":10,"s:19:8:19:Infinity":11,"s:20:8:20:Infinity":12,"s:24:29:26:Infinity":13,"f:24:29:24:41":2,"s:25:4:25:Infinity":14}}}
}
